                      :-) GROMACS - gmx mdrun, 2025.3 (-:

Copyright 1991-2025 The GROMACS Authors.
GROMACS is free software; you can redistribute it and/or modify it
under the terms of the GNU Lesser General Public License
as published by the Free Software Foundation; either version 2.1
of the License, or (at your option) any later version.

                         Current GROMACS contributors:
       Mark Abraham           Andrey Alekseenko           Brian Andrews       
      Vladimir Basov              Paul Bauer                Hugh Bird         
      Eliane Briand               Ania Brown              Mahesh Doijade      
      Giacomo Fiorin          Stefan Fleischmann          Sergey Gorelov      
   Gilles Gouaillardet            Alan Gray              M. Eric Irrgang      
   Farzaneh Jalalypour         Petter Johansson          Carsten Kutzner      
    Grzegorz Łazarski         Justin A. Lemkul          Magnus Lundborg      
       Pascal Merz             Vedran Miletić            Dmitry Morozov      
     Lukas Müllender            Julien Nabet             Szilárd Páll      
 Andrea Pasquadibisceglie     Michele Pellegrino         Nicola Piasentin     
     Daniele Rapetti         Muhammad Umair Sadiq         Hubert Santuz       
      Roland Schulz             Michael Shirts           Tatiana Shugaeva     
     Alexey Shvetsov            Philip Turner            Alessandra Villa     
 Sebastian Wingbermühle  

                         Previous GROMACS contributors:
        Emile Apol             Rossen Apostolov           James Barnett       
  Herman J.C. Berendsen         Cathrine Bergh             Par Bjelkmar       
      Christian Blau          Viacheslav Bolnykh            Kevin Boyd        
    Aldert van Buuren          Carlo Camilloni           Rudi van Drunen      
      Anton Feenstra           Oliver Fleetwood            Vytas Gapsys       
       Gaurav Garg             Gerrit Groenhof            Bert de Groot       
      Anca Hamuraru           Vincent Hindriksen          Victor Holanda      
     Aleksei Iupinov              Joe Jordan            Christoph Junghans    
    Prashanth Kanduri        Dimitrios Karkoulis           Peter Kasson       
      Sebastian Kehl           Sebastian Keller             Jiri Kraus        
       Per Larsson              Viveca Lindahl            Erik Marklund       
    Pieter Meulenhoff           Teemu Murtola              Sander Pronk       
      Alfons Sijbers            Balint Soproni         David van der Spoel    
      Peter Tieleman            Carsten Uphoff             Jon Vincent        
     Teemu Virolainen         Christian Wennberg           Maarten Wolf       
      Artem Zhmurov       

                  Coordinated by the GROMACS project leaders:
                           Berk Hess and Erik Lindahl

GROMACS:      gmx mdrun, version 2025.3
Executable:   /usr/local/gromacs/bin/gmx
Data prefix:  /usr/local/gromacs
Working dir:  /Users/wakala/IdeaProjects/Projects/recurrence/gromacs/tutotial/hen_egg_white_lysozyme
Process ID:   42782
Command line:
  gmx mdrun -deffnm nvt

GROMACS version:     2025.3
Precision:           mixed
Memory model:        64 bit
MPI library:         thread_mpi
OpenMP support:      enabled (GMX_OPENMP_MAX_THREADS = 128)
GPU support:         disabled
SIMD instructions:   ARM_NEON_ASIMD
CPU FFT library:     fftw-3.3.10
GPU FFT library:     none
Multi-GPU FFT:       none
TNG support:         enabled
Hwloc support:       disabled
Tracing support:     disabled
C compiler:          /opt/homebrew/bin/gcc-15 GNU 15.2.0
C compiler flags:    -fexcess-precision=fast -funroll-all-loops -Wno-missing-field-initializers -O3 -DNDEBUG
C++ compiler:        /opt/homebrew/bin/g++-15 GNU 15.2.0
C++ compiler flags:  -fexcess-precision=fast -funroll-all-loops -Wno-missing-field-initializers -Wno-cast-function-type-strict SHELL:-fopenmp -O3 -DNDEBUG
BLAS library:        External - detected on the system
LAPACK library:      External - detected on the system


Running on 1 node with total 0 processing units
Hardware detected on host ryrl:
  CPU info:
    Vendor: ARM
    Brand:  Unknown CPU brand
    Family: 0   Model: 0   Stepping: 0
    Features: neon neon_asimd
  Hardware topology: Only logical processor count
    CPU limit set by OS: -1   Recommended max number of threads: 10


++++ PLEASE READ AND CITE THE FOLLOWING REFERENCE ++++
M. J. Abraham, T. Murtola, R. Schulz, S. Páll, J. C. Smith, B. Hess, E.
Lindahl
GROMACS: High performance molecular simulations through multi-level
parallelism from laptops to supercomputers
SoftwareX (2015)
DOI: 10.1016/j.softx.2015.06.001
-------- -------- --- Thank You --- -------- --------


++++ PLEASE READ AND CITE THE FOLLOWING REFERENCE ++++
S. Páll, M. J. Abraham, C. Kutzner, B. Hess, E. Lindahl
Tackling Exascale Software Challenges in Molecular Dynamics Simulations with
GROMACS
In S. Markidis & E. Laure (Eds.), Solving Software Challenges for Exascale (2015)
DOI: 10.1007/978-3-319-15976-8_1
-------- -------- --- Thank You --- -------- --------


++++ PLEASE READ AND CITE THE FOLLOWING REFERENCE ++++
S. Pronk, S. Páll, R. Schulz, P. Larsson, P. Bjelkmar, R. Apostolov, M. R.
Shirts, J. C. Smith, P. M. Kasson, D. van der Spoel, B. Hess, E. Lindahl
GROMACS 4.5: a high-throughput and highly parallel open source molecular
simulation toolkit
Bioinformatics (2013)
DOI: 10.1093/bioinformatics/btt055
-------- -------- --- Thank You --- -------- --------


++++ PLEASE READ AND CITE THE FOLLOWING REFERENCE ++++
B. Hess, C. Kutzner, D. van der Spoel, E. Lindahl
GROMACS 4: Algorithms for highly efficient, load-balanced, and scalable
molecular simulation
J. Chem. Theory Comput. (2008)
DOI: 10.1021/ct700301q
-------- -------- --- Thank You --- -------- --------


++++ PLEASE READ AND CITE THE FOLLOWING REFERENCE ++++
D. van der Spoel, E. Lindahl, B. Hess, G. Groenhof, A. E. Mark, H. J. C.
Berendsen
GROMACS: Fast, Flexible and Free
J. Comp. Chem. (2005)
DOI: 10.1002/jcc.20291
-------- -------- --- Thank You --- -------- --------


++++ PLEASE READ AND CITE THE FOLLOWING REFERENCE ++++
E. Lindahl, B. Hess, D. van der Spoel
GROMACS 3.0: A package for molecular simulation and trajectory analysis
J. Mol. Mod. (2001)
DOI: 10.1007/s008940100045
-------- -------- --- Thank You --- -------- --------


++++ PLEASE READ AND CITE THE FOLLOWING REFERENCE ++++
H. J. C. Berendsen, D. van der Spoel and R. van Drunen
GROMACS: A message-passing parallel molecular dynamics implementation
Comp. Phys. Comm. (1995)
DOI: 10.1016/0010-4655(95)00042-E
-------- -------- --- Thank You --- -------- --------


++++ PLEASE CITE THE DOI FOR THIS VERSION OF GROMACS ++++
https://doi.org/10.5281/zenodo.16992621
-------- -------- --- Thank You --- -------- --------

Input Parameters:
   integrator                     = md
   tinit                          = 0
   dt                             = 0.002
   nsteps                         = 50000
   init-step                      = 0
   simulation-part                = 1
   mts                            = false
   mass-repartition-factor        = 1
   comm-mode                      = Linear
   nstcomm                        = 100
   bd-fric                        = 0
   ld-seed                        = -538974213
   emtol                          = 10
   emstep                         = 0.01
   niter                          = 20
   fcstep                         = 0
   nstcgsteep                     = 1000
   nbfgscorr                      = 10
   rtpi                           = 0.05
   nstxout                        = 500
   nstvout                        = 500
   nstfout                        = 0
   nstlog                         = 500
   nstcalcenergy                  = 100
   nstenergy                      = 500
   nstxout-compressed             = 0
   compressed-x-precision         = 1000
   cutoff-scheme                  = Verlet
   nstlist                        = 10
   pbc                            = xyz
   periodic-molecules             = false
   verlet-buffer-tolerance        = 0.005
   verlet-buffer-pressure-tolerance = 0.5
   rlist                          = 1
   coulombtype                    = PME
   coulomb-modifier               = Potential-shift
   rcoulomb-switch                = 0
   rcoulomb                       = 1
   epsilon-r                      = 1
   epsilon-rf                     = inf
   vdw-type                       = Cut-off
   vdw-modifier                   = Potential-shift
   rvdw-switch                    = 0
   rvdw                           = 1
   DispCorr                       = EnerPres
   table-extension                = 1
   fourierspacing                 = 0.16
   fourier-nx                     = 48
   fourier-ny                     = 48
   fourier-nz                     = 48
   pme-order                      = 4
   ewald-rtol                     = 1e-05
   ewald-rtol-lj                  = 0.001
   lj-pme-comb-rule               = Geometric
   ewald-geometry                 = 3d
   epsilon-surface                = 0
   ensemble-temperature-setting   = constant
   ensemble-temperature           = 300
   tcoupl                         = V-rescale
   nsttcouple                     = 10
   nh-chain-length                = 0
   print-nose-hoover-chain-variables = false
   pcoupl                         = No
   refcoord-scaling               = No
   posres-com: not available
   posres-comB: not available
   QMMM                           = false
qm-opts:
   ngQM                           = 0
   constraint-algorithm           = Lincs
   continuation                   = false
   Shake-SOR                      = false
   shake-tol                      = 0.0001
   lincs-order                    = 4
   lincs-iter                     = 1
   lincs-warnangle                = 30
   nwall                          = 0
   wall-type                      = 9-3
   wall-r-linpot                  = -1
   wall-atomtype[0]               = -1
   wall-atomtype[1]               = -1
   wall-density[0]                = 0
   wall-density[1]                = 0
   wall-ewald-zfac                = 3
   pull                           = false
   awh                            = false
   rotation                       = false
   interactiveMD                  = false
   disre                          = No
   disre-weighting                = Conservative
   disre-mixed                    = false
   dr-fc                          = 1000
   dr-tau                         = 0
   nstdisreout                    = 100
   orire-fc                       = 0
   orire-tau                      = 0
   nstorireout                    = 100
   free-energy                    = no
   cos-acceleration               = 0
   deform (3x3):
      deform[    0]={ 0.00000e+00,  0.00000e+00,  0.00000e+00}
      deform[    1]={ 0.00000e+00,  0.00000e+00,  0.00000e+00}
      deform[    2]={ 0.00000e+00,  0.00000e+00,  0.00000e+00}
   simulated-tempering            = false
   swapcoords                     = no
   userint1                       = 0
   userint2                       = 0
   userint3                       = 0
   userint4                       = 0
   userreal1                      = 0
   userreal2                      = 0
   userreal3                      = 0
   userreal4                      = 0
   applied-forces:
     electric-field:
       x:
         E0                       = 0
         omega                    = 0
         t0                       = 0
         sigma                    = 0
       y:
         E0                       = 0
         omega                    = 0
         t0                       = 0
         sigma                    = 0
       z:
         E0                       = 0
         omega                    = 0
         t0                       = 0
         sigma                    = 0
     density-guided-simulation:
       active                     = false
       group                      = protein
       similarity-measure         = inner-product
       atom-spreading-weight      = unity
       force-constant             = 1e+09
       gaussian-transform-spreading-width = 0.2
       gaussian-transform-spreading-range-in-multiples-of-width = 4
       reference-density-filename = reference.mrc
       nst                        = 1
       normalize-densities        = true
       adaptive-force-scaling     = false
       adaptive-force-scaling-time-constant = 4
       shift-vector               = 
       transformation-matrix      = 
     qmmm-cp2k:
       active                     = false
       qmgroup                    = System
       qmmethod                   = PBE
       qmfilenames                = 
       qmcharge                   = 0
       qmmultiplicity             = 1
     colvars:
       active                     = false
       configfile                 = 
       seed                       = -1
     nnpot:
       active                     = false
       modelfile                  = model.pt
       input-group                = System
       model-input1               = 
       model-input2               = 
       model-input3               = 
       model-input4               = 
grpopts:
   nrdf:     4920.82     75555.2
   ref-t:         300         300
   tau-t:         0.1         0.1
annealing:          No          No
annealing-npoints:           0           0
   acc:	           0           0           0
   nfreeze:           N           N           N
   energygrp-flags[  0]: 0

Changing nstlist from 10 to 50, rlist from 1 to 1.109


Initializing Domain Decomposition on 10 ranks
Dynamic load balancing: auto
Using update groups, nr 13598, average size 2.9 atoms, max. radius 0.139 nm
Minimum cell size due to atom displacement: 0.401 nm
Initial maximum distances in bonded interactions:
    two-body bonded interactions: 0.441 nm, LJ-14, atoms 1156 1405
  multi-body bonded interactions: 0.468 nm, CMAP Dih., atoms 1762 1778
Minimum cell size due to bonded interactions: 0.515 nm
Scaling the initial minimum size with 1/0.8 (option -dds) = 1.25
Using 0 separate PME ranks because: there are too few total ranks for efficient splitting
Optimizing the DD grid for 10 cells with a minimum initial size of 0.644 nm
The maximum allowed number of cells is: X 11 Y 11 Z 11
Domain decomposition grid 5 x 2 x 1, separate PME ranks 0
PME domain decomposition: 5 x 2 x 1
Domain decomposition rank 0, coordinates 0 0 0

The initial number of communication pulses is: X 1 Y 1
The initial domain decomposition cell size is: X 1.48 nm Y 3.71 nm

The maximum allowed distance for atom groups involved in interactions is:
                 non-bonded interactions           1.387 nm
            two-body bonded interactions  (-rdd)   1.387 nm
          multi-body bonded interactions  (-rdd)   1.387 nm

When dynamic load balancing gets turned on, these settings will change to:
The maximum number of communication pulses is: X 2 Y 1
The minimum size for domain decomposition cells is 0.998 nm
The requested allowed shrink of DD cells (option -dds) is: 0.80
The allowed shrink of domain decomposition cells is: X 0.67 Y 0.37
The maximum allowed distance for atom groups involved in interactions is:
                 non-bonded interactions           1.387 nm
            two-body bonded interactions  (-rdd)   1.387 nm
          multi-body bonded interactions  (-rdd)   0.998 nm

Local state does not use filler particles

Using 10 MPI threads
Using 1 OpenMP thread per tMPI thread

System total charge: 0.000
Will do PME sum in reciprocal space for electrostatic interactions.

++++ PLEASE READ AND CITE THE FOLLOWING REFERENCE ++++
U. Essmann, L. Perera, M. L. Berkowitz, T. Darden, H. Lee, L. G. Pedersen 
A smooth particle mesh Ewald method
J. Chem. Phys. (1995)
DOI: 10.1063/1.470117
-------- -------- --- Thank You --- -------- --------

Using a Gaussian width (1/beta) of 0.320163 nm for Ewald
Potential shift: LJ r^-12: -1.000e+00 r^-6: -1.000e+00, Ewald -1.000e-05
Initialized non-bonded Coulomb Ewald tables, spacing: 9.33e-04 size: 1073

Generated table with 1054 data points for 1-4 COUL.
Tabscale = 500 points/nm
Generated table with 1054 data points for 1-4 LJ6.
Tabscale = 500 points/nm
Generated table with 1054 data points for 1-4 LJ12.
Tabscale = 500 points/nm
Long Range LJ corr.: <C6> 3.1835e-04


Using SIMD4xM 4x4 nonbonded short-range kernels

Using a dual 4x4 pair-list setup updated with dynamic pruning:
  outer list: updated every 50 steps, buffer 0.109 nm, rlist 1.109 nm
  inner list: updated every 10 steps, buffer 0.000 nm, rlist 1.000 nm
At tolerance 0.005 kJ/mol/ps per atom, equivalent classical 1x1 list would be:
  outer list: updated every 50 steps, buffer 0.235 nm, rlist 1.235 nm
  inner list: updated every 10 steps, buffer 0.035 nm, rlist 1.035 nm

The average pressure is off by at most 0.49 bar due to missing LJ interactions

Using full Lennard-Jones parameter combination matrix
Removing pbc first time

Linking all bonded interactions to atoms


Initializing LINear Constraint Solver

++++ PLEASE READ AND CITE THE FOLLOWING REFERENCE ++++
B. Hess, H. Bekker, H. J. C. Berendsen, J. G. E. M. Fraaije
LINCS: A Linear Constraint Solver for molecular simulations
J. Comp. Chem. (1997)
DOI: 10.1002/(sici)1096-987x(199709)18:12<1463::aid-jcc4>3.0.co;2-h
-------- -------- --- Thank You --- -------- --------

The number of constraints is 959

++++ PLEASE READ AND CITE THE FOLLOWING REFERENCE ++++
S. Miyamoto, P. A. Kollman
SETTLE: An Analytical Version of the SHAKE and RATTLE Algorithms for Rigid
Water Models
J. Comp. Chem. (1992)
DOI: 10.1002/jcc.540130805
-------- -------- --- Thank You --- -------- --------


Intra-simulation communication will occur every 10 steps.

++++ PLEASE READ AND CITE THE FOLLOWING REFERENCE ++++
G. Bussi, D. Donadio, M. Parrinello
Canonical sampling through velocity rescaling
J. Chem. Phys. (2007)
DOI: 10.1063/1.2408420
-------- -------- --- Thank You --- -------- --------

There are: 39735 Atoms
Atom distribution over 10 domains: av 3973 stddev 113 min 3784 max 4075

Constraining the starting coordinates (step 0)

Constraining the coordinates at t0-dt (step 0)
Center of mass motion removal mode is Linear
We have the following groups for center of mass motion removal:
  0:  rest
RMS relative constraint deviation after constraining: 2.58e-06
Initial temperature: 299.72 K

Started mdrun on rank 0 Sun Nov 23 00:19:40 2025

           Step           Time
              0        0.00000

   Energies (kJ/mol)
           Bond            U-B    Proper Dih.  Improper Dih.      CMAP Dih.
    5.29959e+02    1.64189e+03    4.81585e+03    8.21073e+01   -4.77741e+02
          LJ-14     Coulomb-14        LJ (SR)  Disper. corr.   Coulomb (SR)
    1.42660e+03    1.35002e+04    5.86766e+04   -5.16820e+03   -7.06903e+05
   Coul. recip. Position Rest.      Potential    Kinetic En.   Total Energy
    2.76911e+03    9.04833e-04   -6.29107e+05    1.00294e+05   -5.28813e+05
  Conserved En.    Temperature Pres. DC (bar) Pressure (bar)   Constr. rmsd
   -5.28813e+05    2.99782e+02   -2.11179e+02   -4.86604e+03    2.66942e-06


DD  step 49 load imb.: force 13.1%

step 100 Turning on dynamic load balancing, because the performance loss due to load imbalance is 4.7 %.

DD  step 499  vol min/aver 0.948  load imb.: force 28.2%
           Step           Time
            500        1.00000

   Energies (kJ/mol)
           Bond            U-B    Proper Dih.  Improper Dih.      CMAP Dih.
    1.74933e+03    4.48777e+03    5.20752e+03    2.91842e+02   -4.04256e+02
          LJ-14     Coulomb-14        LJ (SR)  Disper. corr.   Coulomb (SR)
    1.49651e+03    1.30636e+04    5.36997e+04   -5.16820e+03   -6.10950e+05
   Coul. recip. Position Rest.      Potential    Kinetic En.   Total Energy
    3.59745e+03    7.15148e+02   -5.32214e+05    1.00062e+05   -4.32152e+05
  Conserved En.    Temperature Pres. DC (bar) Pressure (bar)   Constr. rmsd
   -5.27974e+05    2.99088e+02   -2.11179e+02   -1.03538e+03    2.65537e-06


DD  step 999  vol min/aver 0.915  load imb.: force  5.4%
           Step           Time
           1000        2.00000

   Energies (kJ/mol)
           Bond            U-B    Proper Dih.  Improper Dih.      CMAP Dih.
    1.59320e+03    4.56000e+03    5.18789e+03    3.09352e+02   -4.14937e+02
          LJ-14     Coulomb-14        LJ (SR)  Disper. corr.   Coulomb (SR)
    1.54349e+03    1.34379e+04    5.34523e+04   -5.16820e+03   -6.09424e+05
   Coul. recip. Position Rest.      Potential    Kinetic En.   Total Energy
    3.58417e+03    6.42033e+02   -5.30696e+05    1.00645e+05   -4.30052e+05
  Conserved En.    Temperature Pres. DC (bar) Pressure (bar)   Constr. rmsd
   -5.27962e+05    3.00830e+02   -2.11179e+02   -5.89195e+02    2.51568e-06


DD  step 1499  vol min/aver 0.925  load imb.: force 10.9%
           Step           Time
           1500        3.00000

   Energies (kJ/mol)
           Bond            U-B    Proper Dih.  Improper Dih.      CMAP Dih.
    1.69548e+03    4.48912e+03    5.18881e+03    2.74426e+02   -4.10608e+02
          LJ-14     Coulomb-14        LJ (SR)  Disper. corr.   Coulomb (SR)
    1.55762e+03    1.32042e+04    5.24661e+04   -5.16820e+03   -6.08238e+05
   Coul. recip. Position Rest.      Potential    Kinetic En.   Total Energy
    3.54921e+03    5.73943e+02   -5.30818e+05    1.00761e+05   -4.30057e+05
  Conserved En.    Temperature Pres. DC (bar) Pressure (bar)   Constr. rmsd
   -5.27966e+05    3.01177e+02   -2.11179e+02   -8.20807e+02    2.93343e-06


DD  step 1999  vol min/aver 0.912  load imb.: force  7.9%
           Step           Time
           2000        4.00000

   Energies (kJ/mol)
           Bond            U-B    Proper Dih.  Improper Dih.      CMAP Dih.
    1.78532e+03    4.34503e+03    5.15717e+03    3.30211e+02   -4.30597e+02
          LJ-14     Coulomb-14        LJ (SR)  Disper. corr.   Coulomb (SR)
    1.56168e+03    1.33581e+04    5.24359e+04   -5.16820e+03   -6.07537e+05
   Coul. recip. Position Rest.      Potential    Kinetic En.   Total Energy
    3.50086e+03    5.38339e+02   -5.30124e+05    1.00415e+05   -4.29708e+05
  Conserved En.    Temperature Pres. DC (bar) Pressure (bar)   Constr. rmsd
   -5.27942e+05    3.00144e+02   -2.11179e+02   -7.94143e+02    3.21489e-06


DD  step 2499  vol min/aver 0.923  load imb.: force 17.0%
           Step           Time
           2500        5.00000

   Energies (kJ/mol)
           Bond            U-B    Proper Dih.  Improper Dih.      CMAP Dih.
    1.68138e+03    4.53315e+03    5.25565e+03    3.15191e+02   -4.18460e+02
          LJ-14     Coulomb-14        LJ (SR)  Disper. corr.   Coulomb (SR)
    1.52670e+03    1.33075e+04    5.28433e+04   -5.16820e+03   -6.08362e+05
   Coul. recip. Position Rest.      Potential    Kinetic En.   Total Energy
    3.61393e+03    5.19751e+02   -5.30352e+05    1.00749e+05   -4.29603e+05
  Conserved En.    Temperature Pres. DC (bar) Pressure (bar)   Constr. rmsd
   -5.27920e+05    3.01141e+02   -2.11179e+02   -8.04093e+02    2.85507e-06


DD  step 2999  vol min/aver 0.920  load imb.: force 14.3%
           Step           Time
           3000        6.00000

   Energies (kJ/mol)
           Bond            U-B    Proper Dih.  Improper Dih.      CMAP Dih.
    1.65354e+03    4.52845e+03    5.19660e+03    2.82710e+02   -4.14806e+02
          LJ-14     Coulomb-14        LJ (SR)  Disper. corr.   Coulomb (SR)
    1.54657e+03    1.35728e+04    5.18286e+04   -5.16820e+03   -6.07500e+05
   Coul. recip. Position Rest.      Potential    Kinetic En.   Total Energy
    3.54590e+03    5.44221e+02   -5.30384e+05    1.01646e+05   -4.28738e+05
  Conserved En.    Temperature Pres. DC (bar) Pressure (bar)   Constr. rmsd
   -5.27933e+05    3.03821e+02   -2.11179e+02   -7.51880e+02    3.12524e-06


DD  step 3499  vol min/aver 0.867  load imb.: force 10.0%
           Step           Time
           3500        7.00000

   Energies (kJ/mol)
           Bond            U-B    Proper Dih.  Improper Dih.      CMAP Dih.
    1.62639e+03    4.50875e+03    5.18275e+03    2.76247e+02   -3.97312e+02
          LJ-14     Coulomb-14        LJ (SR)  Disper. corr.   Coulomb (SR)
    1.54854e+03    1.31469e+04    5.15957e+04   -5.16820e+03   -6.06588e+05
   Coul. recip. Position Rest.      Potential    Kinetic En.   Total Energy
    3.56139e+03    5.55431e+02   -5.30151e+05    1.00374e+05   -4.29777e+05
  Conserved En.    Temperature Pres. DC (bar) Pressure (bar)   Constr. rmsd
   -5.27934e+05    3.00019e+02   -2.11179e+02   -8.78408e+02    3.01135e-06


DD  step 3999  vol min/aver 0.912  load imb.: force  9.3%
           Step           Time
           4000        8.00000

   Energies (kJ/mol)
           Bond            U-B    Proper Dih.  Improper Dih.      CMAP Dih.
    1.83587e+03    4.66690e+03    5.19765e+03    3.01026e+02   -4.55501e+02
          LJ-14     Coulomb-14        LJ (SR)  Disper. corr.   Coulomb (SR)
    1.48882e+03    1.31769e+04    5.31191e+04   -5.16820e+03   -6.09150e+05
   Coul. recip. Position Rest.      Potential    Kinetic En.   Total Energy
    3.46187e+03    5.78428e+02   -5.30948e+05    1.00511e+05   -4.30437e+05
  Conserved En.    Temperature Pres. DC (bar) Pressure (bar)   Constr. rmsd
   -5.27882e+05    3.00430e+02   -2.11179e+02   -9.32984e+02    2.76009e-06


DD  step 4499  vol min/aver 0.924  load imb.: force  9.0%
           Step           Time
           4500        9.00000

   Energies (kJ/mol)
           Bond            U-B    Proper Dih.  Improper Dih.      CMAP Dih.
    1.66377e+03    4.56986e+03    5.09570e+03    3.05190e+02   -4.73624e+02
          LJ-14     Coulomb-14        LJ (SR)  Disper. corr.   Coulomb (SR)
    1.57488e+03    1.34709e+04    5.16746e+04   -5.16820e+03   -6.06959e+05
   Coul. recip. Position Rest.      Potential    Kinetic En.   Total Energy
    3.61336e+03    5.32625e+02   -5.30100e+05    1.01214e+05   -4.28887e+05
  Conserved En.    Temperature Pres. DC (bar) Pressure (bar)   Constr. rmsd
   -5.27896e+05    3.02530e+02   -2.11179e+02   -7.07969e+02    3.04741e-06


DD  step 4999  vol min/aver 0.877  load imb.: force 10.2%
           Step           Time
           5000       10.00000

   Energies (kJ/mol)
           Bond            U-B    Proper Dih.  Improper Dih.      CMAP Dih.
    1.74789e+03    4.67238e+03    5.11053e+03    3.25462e+02   -4.23092e+02
          LJ-14     Coulomb-14        LJ (SR)  Disper. corr.   Coulomb (SR)
    1.50670e+03    1.32388e+04    5.21781e+04   -5.16820e+03   -6.07637e+05
   Coul. recip. Position Rest.      Potential    Kinetic En.   Total Energy
    3.61336e+03    4.74713e+02   -5.30360e+05    1.01294e+05   -4.29066e+05
  Conserved En.    Temperature Pres. DC (bar) Pressure (bar)   Constr. rmsd
   -5.27882e+05    3.02770e+02   -2.11179e+02   -8.69877e+02    2.97984e-06


DD  step 5499  vol min/aver 0.891  load imb.: force  9.9%
           Step           Time
           5500       11.00000

   Energies (kJ/mol)
           Bond            U-B    Proper Dih.  Improper Dih.      CMAP Dih.
    1.74929e+03    4.57490e+03    5.12452e+03    3.28854e+02   -4.39290e+02
          LJ-14     Coulomb-14        LJ (SR)  Disper. corr.   Coulomb (SR)
    1.51456e+03    1.34812e+04    5.27502e+04   -5.16820e+03   -6.09256e+05
   Coul. recip. Position Rest.      Potential    Kinetic En.   Total Energy
    3.58842e+03    5.45790e+02   -5.31205e+05    9.98619e+04   -4.31343e+05
  Conserved En.    Temperature Pres. DC (bar) Pressure (bar)   Constr. rmsd
   -5.27855e+05    2.98490e+02   -2.11179e+02   -9.92434e+02    2.60951e-06


DD  step 5999  vol min/aver 0.930  load imb.: force 10.7%
           Step           Time
           6000       12.00000

   Energies (kJ/mol)
           Bond            U-B    Proper Dih.  Improper Dih.      CMAP Dih.
    1.66311e+03    4.42987e+03    5.04008e+03    2.45018e+02   -4.20020e+02
          LJ-14     Coulomb-14        LJ (SR)  Disper. corr.   Coulomb (SR)
    1.60911e+03    1.35011e+04    5.21846e+04   -5.16820e+03   -6.09196e+05
   Coul. recip. Position Rest.      Potential    Kinetic En.   Total Energy
    3.55741e+03    5.10349e+02   -5.32043e+05    1.00079e+05   -4.31965e+05
  Conserved En.    Temperature Pres. DC (bar) Pressure (bar)   Constr. rmsd
   -5.27880e+05    2.99137e+02   -2.11179e+02   -1.16124e+03    2.74532e-06


DD  step 6499  vol min/aver 0.943  load imb.: force  3.7%
           Step           Time
           6500       13.00000

   Energies (kJ/mol)
           Bond            U-B    Proper Dih.  Improper Dih.      CMAP Dih.
    1.72473e+03    4.61360e+03    5.07466e+03    2.95746e+02   -4.21945e+02
          LJ-14     Coulomb-14        LJ (SR)  Disper. corr.   Coulomb (SR)
    1.52130e+03    1.33779e+04    5.36357e+04   -5.16820e+03   -6.09631e+05
   Coul. recip. Position Rest.      Potential    Kinetic En.   Total Energy
    3.61090e+03    5.00549e+02   -5.30866e+05    1.00769e+05   -4.30097e+05
  Conserved En.    Temperature Pres. DC (bar) Pressure (bar)   Constr. rmsd
   -5.27880e+05    3.01202e+02   -2.11179e+02   -6.67641e+02    2.98777e-06


DD  step 6999  vol min/aver 0.908  load imb.: force  9.6%
           Step           Time
           7000       14.00000

   Energies (kJ/mol)
           Bond            U-B    Proper Dih.  Improper Dih.      CMAP Dih.
    1.72124e+03    4.76195e+03    5.11038e+03    3.01218e+02   -4.42479e+02
          LJ-14     Coulomb-14        LJ (SR)  Disper. corr.   Coulomb (SR)
    1.51444e+03    1.33322e+04    5.34798e+04   -5.16820e+03   -6.09522e+05
   Coul. recip. Position Rest.      Potential    Kinetic En.   Total Energy
    3.56762e+03    5.53303e+02   -5.30791e+05    1.00824e+05   -4.29967e+05
  Conserved En.    Temperature Pres. DC (bar) Pressure (bar)   Constr. rmsd
   -5.27841e+05    3.01365e+02   -2.11179e+02   -7.50062e+02    2.91527e-06


DD  step 7499  vol min/aver 0.852  load imb.: force 21.4%
           Step           Time
           7500       15.00000

   Energies (kJ/mol)
           Bond            U-B    Proper Dih.  Improper Dih.      CMAP Dih.
    1.80111e+03    4.32677e+03    5.16014e+03    3.04301e+02   -4.23515e+02
          LJ-14     Coulomb-14        LJ (SR)  Disper. corr.   Coulomb (SR)
    1.52370e+03    1.31052e+04    5.28252e+04   -5.16820e+03   -6.08650e+05
   Coul. recip. Position Rest.      Potential    Kinetic En.   Total Energy
    3.56131e+03    5.34091e+02   -5.31100e+05    1.00466e+05   -4.30634e+05
  Conserved En.    Temperature Pres. DC (bar) Pressure (bar)   Constr. rmsd
   -5.27867e+05    3.00294e+02   -2.11179e+02   -9.42665e+02    2.72346e-06


DD  step 7999  vol min/aver 0.948  load imb.: force 14.1%
           Step           Time
           8000       16.00000

   Energies (kJ/mol)
           Bond            U-B    Proper Dih.  Improper Dih.      CMAP Dih.
    1.69567e+03    4.44014e+03    5.15669e+03    2.41975e+02   -4.12976e+02
          LJ-14     Coulomb-14        LJ (SR)  Disper. corr.   Coulomb (SR)
    1.45869e+03    1.32933e+04    5.18311e+04   -5.16820e+03   -6.07792e+05
   Coul. recip. Position Rest.      Potential    Kinetic En.   Total Energy
    3.57272e+03    5.70405e+02   -5.31113e+05    9.96711e+04   -4.31442e+05
  Conserved En.    Temperature Pres. DC (bar) Pressure (bar)   Constr. rmsd
   -5.27851e+05    2.97919e+02   -2.11179e+02   -8.94290e+02    2.50954e-06


DD  step 8499  vol min/aver 0.950  load imb.: force  5.0%
           Step           Time
           8500       17.00000

   Energies (kJ/mol)
           Bond            U-B    Proper Dih.  Improper Dih.      CMAP Dih.
    1.73016e+03    4.57756e+03    5.18206e+03    2.95999e+02   -4.38589e+02
          LJ-14     Coulomb-14        LJ (SR)  Disper. corr.   Coulomb (SR)
    1.52519e+03    1.33157e+04    5.20741e+04   -5.16820e+03   -6.08744e+05
   Coul. recip. Position Rest.      Potential    Kinetic En.   Total Energy
    3.45731e+03    5.63293e+02   -5.31629e+05    1.00981e+05   -4.30648e+05
  Conserved En.    Temperature Pres. DC (bar) Pressure (bar)   Constr. rmsd
   -5.27856e+05    3.01835e+02   -2.11179e+02   -9.09845e+02    2.60737e-06


DD  step 8999  vol min/aver 0.952  load imb.: force 17.9%
           Step           Time
           9000       18.00000

   Energies (kJ/mol)
           Bond            U-B    Proper Dih.  Improper Dih.      CMAP Dih.
    1.53062e+03    4.44187e+03    5.22257e+03    2.95838e+02   -4.29946e+02
          LJ-14     Coulomb-14        LJ (SR)  Disper. corr.   Coulomb (SR)
    1.53776e+03    1.36012e+04    5.24982e+04   -5.16820e+03   -6.09167e+05
   Coul. recip. Position Rest.      Potential    Kinetic En.   Total Energy
    3.58129e+03    5.74601e+02   -5.31481e+05    1.00389e+05   -4.31092e+05
  Conserved En.    Temperature Pres. DC (bar) Pressure (bar)   Constr. rmsd
   -5.27843e+05    3.00067e+02   -2.11179e+02   -9.44844e+02    2.87324e-06


DD  step 9499  vol min/aver 0.839  load imb.: force 23.9%
           Step           Time
           9500       19.00000

   Energies (kJ/mol)
           Bond            U-B    Proper Dih.  Improper Dih.      CMAP Dih.
    1.78133e+03    4.47265e+03    5.21644e+03    2.65404e+02   -4.20003e+02
          LJ-14     Coulomb-14        LJ (SR)  Disper. corr.   Coulomb (SR)
    1.51432e+03    1.33598e+04    5.21613e+04   -5.16820e+03   -6.08310e+05
   Coul. recip. Position Rest.      Potential    Kinetic En.   Total Energy
    3.56686e+03    5.29107e+02   -5.31031e+05    1.01280e+05   -4.29751e+05
  Conserved En.    Temperature Pres. DC (bar) Pressure (bar)   Constr. rmsd
   -5.27845e+05    3.02728e+02   -2.11179e+02   -1.09593e+03    2.90776e-06


DD  step 9999  vol min/aver 0.832  load imb.: force 45.0%
           Step           Time
          10000       20.00000

   Energies (kJ/mol)
           Bond            U-B    Proper Dih.  Improper Dih.      CMAP Dih.
    1.68754e+03    4.66116e+03    5.20695e+03    3.10805e+02   -4.08664e+02
          LJ-14     Coulomb-14        LJ (SR)  Disper. corr.   Coulomb (SR)
    1.45425e+03    1.32913e+04    5.28668e+04   -5.16820e+03   -6.09058e+05
   Coul. recip. Position Rest.      Potential    Kinetic En.   Total Energy
    3.65360e+03    4.82588e+02   -5.31020e+05    1.00727e+05   -4.30293e+05
  Conserved En.    Temperature Pres. DC (bar) Pressure (bar)   Constr. rmsd
   -5.27828e+05    3.01076e+02   -2.11179e+02   -8.22563e+02    2.84836e-06


DD  step 10499  vol min/aver 0.784  load imb.: force 12.3%
           Step           Time
          10500       21.00000

   Energies (kJ/mol)
           Bond            U-B    Proper Dih.  Improper Dih.      CMAP Dih.
    1.72155e+03    4.55325e+03    5.15559e+03    2.74129e+02   -4.53699e+02
          LJ-14     Coulomb-14        LJ (SR)  Disper. corr.   Coulomb (SR)
    1.45710e+03    1.34714e+04    5.25320e+04   -5.16820e+03   -6.09193e+05
   Coul. recip. Position Rest.      Potential    Kinetic En.   Total Energy
    3.53360e+03    5.61493e+02   -5.31555e+05    1.00542e+05   -4.31012e+05
  Conserved En.    Temperature Pres. DC (bar) Pressure (bar)   Constr. rmsd
   -5.27813e+05    3.00524e+02   -2.11179e+02   -8.29899e+02    2.95684e-06


DD  step 10999  vol min/aver 0.875  load imb.: force  3.8%
           Step           Time
          11000       22.00000

   Energies (kJ/mol)
           Bond            U-B    Proper Dih.  Improper Dih.      CMAP Dih.
    1.62154e+03    4.47702e+03    5.12363e+03    2.90781e+02   -3.96484e+02
          LJ-14     Coulomb-14        LJ (SR)  Disper. corr.   Coulomb (SR)
    1.52519e+03    1.34121e+04    5.13230e+04   -5.16820e+03   -6.08252e+05
   Coul. recip. Position Rest.      Potential    Kinetic En.   Total Energy
    3.51700e+03    5.33816e+02   -5.31992e+05    1.00015e+05   -4.31977e+05
  Conserved En.    Temperature Pres. DC (bar) Pressure (bar)   Constr. rmsd
   -5.27808e+05    2.98948e+02   -2.11179e+02   -8.01960e+02    2.76130e-06


DD  step 11499  vol min/aver 0.928  load imb.: force  9.0%
           Step           Time
          11500       23.00000

   Energies (kJ/mol)
           Bond            U-B    Proper Dih.  Improper Dih.      CMAP Dih.
    1.70037e+03    4.41085e+03    5.14549e+03    3.37655e+02   -4.16626e+02
          LJ-14     Coulomb-14        LJ (SR)  Disper. corr.   Coulomb (SR)
    1.51978e+03    1.34901e+04    5.19906e+04   -5.16820e+03   -6.08218e+05
   Coul. recip. Position Rest.      Potential    Kinetic En.   Total Energy
    3.59097e+03    5.78015e+02   -5.31039e+05    1.00397e+05   -4.30642e+05
  Conserved En.    Temperature Pres. DC (bar) Pressure (bar)   Constr. rmsd
   -5.27788e+05    3.00089e+02   -2.11179e+02   -1.00550e+03    2.90976e-06


DD  step 11999  vol min/aver 0.880  load imb.: force  8.0%

step 12000 Turning off dynamic load balancing, because it is degrading performance.
Atom distribution over 10 domains: av 3973 stddev 85 min 3893 max 4069
           Step           Time
          12000       24.00000

   Energies (kJ/mol)
           Bond            U-B    Proper Dih.  Improper Dih.      CMAP Dih.
    1.69073e+03    4.37223e+03    5.14594e+03    2.88298e+02   -4.58414e+02
          LJ-14     Coulomb-14        LJ (SR)  Disper. corr.   Coulomb (SR)
    1.56796e+03    1.34346e+04    5.17866e+04   -5.16820e+03   -6.08586e+05
   Coul. recip. Position Rest.      Potential    Kinetic En.   Total Energy
    3.47470e+03    5.16831e+02   -5.31935e+05    9.99895e+04   -4.31946e+05
  Conserved En.    Temperature Pres. DC (bar) Pressure (bar)   Constr. rmsd
   -5.27788e+05    2.98871e+02   -2.11179e+02   -1.08771e+03    2.98899e-06


DD  step 12499 load imb.: force 26.1%
           Step           Time
          12500       25.00000

   Energies (kJ/mol)
           Bond            U-B    Proper Dih.  Improper Dih.      CMAP Dih.
    1.74988e+03    4.57850e+03    5.04683e+03    2.50807e+02   -4.59409e+02
          LJ-14     Coulomb-14        LJ (SR)  Disper. corr.   Coulomb (SR)
    1.51745e+03    1.32115e+04    5.30289e+04   -5.16820e+03   -6.09393e+05
   Coul. recip. Position Rest.      Potential    Kinetic En.   Total Energy
    3.57015e+03    4.84524e+02   -5.31582e+05    9.94206e+04   -4.32162e+05
  Conserved En.    Temperature Pres. DC (bar) Pressure (bar)   Constr. rmsd
   -5.27758e+05    2.97171e+02   -2.11179e+02   -7.41637e+02    2.52118e-06


DD  step 12999 load imb.: force 12.3%
           Step           Time
          13000       26.00000

   Energies (kJ/mol)
           Bond            U-B    Proper Dih.  Improper Dih.      CMAP Dih.
    1.59031e+03    4.57248e+03    5.13548e+03    2.89326e+02   -4.25088e+02
          LJ-14     Coulomb-14        LJ (SR)  Disper. corr.   Coulomb (SR)
    1.54227e+03    1.32707e+04    5.22162e+04   -5.16820e+03   -6.08699e+05
   Coul. recip. Position Rest.      Potential    Kinetic En.   Total Energy
    3.54729e+03    4.69860e+02   -5.31658e+05    1.00921e+05   -4.30737e+05
  Conserved En.    Temperature Pres. DC (bar) Pressure (bar)   Constr. rmsd
   -5.27778e+05    3.01656e+02   -2.11179e+02   -5.37576e+02    2.90628e-06


DD  step 13499 load imb.: force 12.1%
           Step           Time
          13500       27.00000

   Energies (kJ/mol)
           Bond            U-B    Proper Dih.  Improper Dih.      CMAP Dih.
    1.73032e+03    4.60854e+03    5.14592e+03    2.94075e+02   -4.50291e+02
          LJ-14     Coulomb-14        LJ (SR)  Disper. corr.   Coulomb (SR)
    1.49206e+03    1.32067e+04    5.24253e+04   -5.16820e+03   -6.09134e+05
   Coul. recip. Position Rest.      Potential    Kinetic En.   Total Energy
    3.61782e+03    5.89103e+02   -5.31642e+05    9.98797e+04   -4.31762e+05
  Conserved En.    Temperature Pres. DC (bar) Pressure (bar)   Constr. rmsd
   -5.27768e+05    2.98543e+02   -2.11179e+02   -7.08859e+02    3.32712e-06


DD  step 13999 load imb.: force  4.8%
           Step           Time
          14000       28.00000

   Energies (kJ/mol)
           Bond            U-B    Proper Dih.  Improper Dih.      CMAP Dih.
    1.71600e+03    4.52302e+03    5.22970e+03    2.94699e+02   -4.58307e+02
          LJ-14     Coulomb-14        LJ (SR)  Disper. corr.   Coulomb (SR)
    1.49603e+03    1.32861e+04    5.25883e+04   -5.16820e+03   -6.09054e+05
   Coul. recip. Position Rest.      Potential    Kinetic En.   Total Energy
    3.60773e+03    4.93363e+02   -5.31446e+05    1.01805e+05   -4.29641e+05
  Conserved En.    Temperature Pres. DC (bar) Pressure (bar)   Constr. rmsd
   -5.27781e+05    3.04297e+02   -2.11179e+02   -6.77475e+02    3.22959e-06



Received the INT signal, stopping within 50 steps

           Step           Time
          14150       28.30000

Writing checkpoint, step 14150 at Sun Nov 23 00:21:55 2025


   Energies (kJ/mol)
           Bond            U-B    Proper Dih.  Improper Dih.      CMAP Dih.
    1.69458e+03    4.69245e+03    5.18615e+03    3.20721e+02   -4.61436e+02
          LJ-14     Coulomb-14        LJ (SR)  Disper. corr.   Coulomb (SR)
    1.44979e+03    1.32374e+04    5.30758e+04   -5.16820e+03   -6.08890e+05
   Coul. recip. Position Rest.      Potential    Kinetic En.   Total Energy
    3.56891e+03    5.25135e+02   -5.30768e+05    1.00798e+05   -4.29970e+05
  Conserved En.    Temperature Pres. DC (bar) Pressure (bar)   Constr. rmsd
   -5.27754e+05    3.01289e+02   -2.11179e+02   -5.86654e+02    3.14728e-06


Energy conservation over simulation part #1 of length 28.3 ps, time 0 to 28.3 ps
  Conserved energy drift: 9.42e-04 kJ/mol/ps per atom


	<======  ###############  ==>
	<====  A V E R A G E S  ====>
	<==  ###############  ======>

	Statistics over 14151 steps using 142 frames

   Energies (kJ/mol)
           Bond            U-B    Proper Dih.  Improper Dih.      CMAP Dih.
    1.69671e+03    4.54385e+03    5.15956e+03    2.93450e+02   -4.27549e+02
          LJ-14     Coulomb-14        LJ (SR)  Disper. corr.   Coulomb (SR)
    1.52321e+03    1.33083e+04    5.27848e+04   -5.16820e+03   -6.09877e+05
   Coul. recip. Position Rest.      Potential    Kinetic En.   Total Energy
    3.55590e+03    5.39340e+02   -5.32067e+05    1.00252e+05   -4.31815e+05
  Conserved En.    Temperature Pres. DC (bar) Pressure (bar)   Constr. rmsd
   -5.27868e+05    2.99655e+02   -2.11179e+02   -8.22872e+02    0.00000e+00

   Total Virial (kJ/mol)
    4.36379e+04   -2.51845e+02   -1.81315e+02
   -2.51781e+02    4.37467e+04    1.21848e+02
   -1.81444e+02    1.21548e+02    4.31116e+04

   Pressure (bar)
   -8.33261e+02    1.98716e+01    1.42738e+01
    1.98664e+01   -8.42094e+02   -1.13844e+01
    1.42843e+01   -1.13599e+01   -7.93262e+02

      T-Protein  T-non-Protein
    3.00938e+02    2.99572e+02


	M E G A - F L O P S   A C C O U N T I N G

 NB=Group-cutoff nonbonded kernels    NxN=N-by-N cluster Verlet kernels
 RF=Reaction-Field  VdW=Van der Waals  QSTab=quadratic-spline table
 W3=SPC/TIP3p  W4=TIP4p (single or pairs)
 V&F=Potential and force  V=Potential only  F=Force only

 Computing:                               M-Number         M-Flops  % Flops
-----------------------------------------------------------------------------
 Pair Search distance check            4295.863240       38662.769     0.2
 NxN Ewald Elec. + LJ [F]            266890.226720    17614754.964    92.4
 NxN Ewald Elec. + LJ [V&F]            2724.345112      291504.927     1.5
 NxN Ewald Elec. [F]                   2849.808224      173838.302     0.9
 NxN Ewald Elec. [V&F]                   29.110248        2445.261     0.0
 1,4 nonbonded interactions              72.255006        6502.951     0.0
 Calc Weights                          1686.869955       60727.318     0.3
 Spread Q Bspline                     35986.559040       71973.118     0.4
 Gather F Bspline                     35986.559040      215919.354     1.1
 3D-FFT                               52442.360712      419538.886     2.2
 Solve PME                              815.097600       52166.246     0.3
 Reset In Box                            11.245005          33.735     0.0
 CG-CoM                                  11.324475          33.973     0.0
 Bonds                                   14.504775         855.782     0.0
 Propers                                 68.745558       15742.733     0.1
 Impropers                                4.938699        1027.249     0.0
 Pos. Restr.                             14.165151         708.258     0.0
 Virial                                   5.746455         103.436     0.0
 Stop-CM                                  5.682105          56.821     0.0
 Calc-Ekin                              112.529520        3038.297     0.0
 Lincs                                   13.572727         814.364     0.0
 Lincs-Mat                               67.594728         270.379     0.0
 Constraint-V                           561.622120        5054.599     0.0
 Constraint-Vir                           5.537818         132.908     0.0
 Settle                                 178.172117       65923.683     0.3
 CMAP                                     1.797177        3055.201     0.0
 Urey-Bradley                            50.193597        9185.428     0.0
-----------------------------------------------------------------------------
 Total                                                19054070.941   100.0
-----------------------------------------------------------------------------


    D O M A I N   D E C O M P O S I T I O N   S T A T I S T I C S

 av. #atoms communicated per step for force:  2 x 56025.6


Dynamic load balancing report:
 DLB was off during the run due to low measured imbalance.
 Average load imbalance: 13.2%.
 The balanceable part of the MD step is 35%, load imbalance is computed from this.
 Part of the total run time spent waiting due to load imbalance: 4.6%.


      R E A L   C Y C L E   A N D   T I M E   A C C O U N T I N G

On 10 MPI ranks

 Activity:              Num   Num      Call    Wall time         Giga-Cycles
                        Ranks Threads  Count      (s)         total sum    %
--------------------------------------------------------------------------------
 Domain decomp.           10    1        284       0.491          0.118   0.4
 DD comm. load            10    1        125       0.006          0.001   0.0
 DD comm. bounds          10    1        119       0.009          0.002   0.0
 Neighbor search          10    1        284       1.618          0.388   1.2
 Comm. coord.             10    1      13867       2.013          0.483   1.5
 Force                    10    1      14151      44.185         10.604  32.8
 Wait + Comm. F           10    1      14151       1.156          0.278   0.9
 PME mesh                 10    1      14151      83.101         19.944  61.7
 NB X/F buffer ops.       10    1      42169       0.431          0.103   0.3
 Write traj.              10    1         30       0.032          0.008   0.0
 Update                   10    1      14151       0.165          0.040   0.1
 Constraints              10    1      14153       0.713          0.171   0.5
 Kinetic energy           10    1       2831       0.050          0.012   0.0
 Comm. energies           10    1       1416       0.584          0.140   0.4
 Rest                                              0.042          0.010   0.0
--------------------------------------------------------------------------------
 Total                                           134.597         32.303 100.0
--------------------------------------------------------------------------------
 Breakdown of PME mesh activities
--------------------------------------------------------------------------------
 PME redist. X/F          10    1      28302      64.526         15.486  47.9
 PME spread               10    1      14151       6.930          1.663   5.1
 PME gather               10    1      14151       3.218          0.772   2.4
 PME 3D-FFT               10    1      28302       1.823          0.438   1.4
 PME 3D-FFT Comm.         10    1      56604       6.431          1.543   4.8
 PME solve Elec           10    1      14151       0.163          0.039   0.1
--------------------------------------------------------------------------------

               Core t (s)   Wall t (s)        (%)
       Time:     1345.969      134.597     1000.0
                 (ns/day)    (hour/ns)
Performance:       18.168        1.321
Finished mdrun on rank 0 Sun Nov 23 00:21:55 2025

